  Test Class.cpp
D:\Users\Kyle\Google Drive\School\CSUN\Spring 2020\COMP 587\Project\C--Math-Solver\Test Class\Test Class.cpp(30,7): error C2248: 'triangle::Triangle::angleA': cannot access protected member declared in class 'triangle::Triangle'
D:\Users\Kyle\Google Drive\School\CSUN\Spring 2020\COMP 587\Project\C--Math-Solver\C++ Math Helper\triangle.h(40): message : see declaration of 'triangle::Triangle::angleA'
D:\Users\Kyle\Google Drive\School\CSUN\Spring 2020\COMP 587\Project\C--Math-Solver\C++ Math Helper\triangle.h(10): message : see declaration of 'triangle::Triangle'
D:\Users\Kyle\Google Drive\School\CSUN\Spring 2020\COMP 587\Project\C--Math-Solver\Test Class\Test Class.cpp(31,7): error C2248: 'triangle::Triangle::angleC': cannot access protected member declared in class 'triangle::Triangle'
D:\Users\Kyle\Google Drive\School\CSUN\Spring 2020\COMP 587\Project\C--Math-Solver\C++ Math Helper\triangle.h(42): message : see declaration of 'triangle::Triangle::angleC'
D:\Users\Kyle\Google Drive\School\CSUN\Spring 2020\COMP 587\Project\C--Math-Solver\C++ Math Helper\triangle.h(10): message : see declaration of 'triangle::Triangle'
D:\Users\Kyle\Google Drive\School\CSUN\Spring 2020\COMP 587\Project\C--Math-Solver\Test Class\Test Class.cpp(40,7): error C2248: 'triangle::Triangle::angleA': cannot access protected member declared in class 'triangle::Triangle'
D:\Users\Kyle\Google Drive\School\CSUN\Spring 2020\COMP 587\Project\C--Math-Solver\C++ Math Helper\triangle.h(40): message : see declaration of 'triangle::Triangle::angleA'
D:\Users\Kyle\Google Drive\School\CSUN\Spring 2020\COMP 587\Project\C--Math-Solver\C++ Math Helper\triangle.h(10): message : see declaration of 'triangle::Triangle'
D:\Users\Kyle\Google Drive\School\CSUN\Spring 2020\COMP 587\Project\C--Math-Solver\Test Class\Test Class.cpp(41,7): error C2248: 'triangle::Triangle::angleC': cannot access protected member declared in class 'triangle::Triangle'
D:\Users\Kyle\Google Drive\School\CSUN\Spring 2020\COMP 587\Project\C--Math-Solver\C++ Math Helper\triangle.h(42): message : see declaration of 'triangle::Triangle::angleC'
D:\Users\Kyle\Google Drive\School\CSUN\Spring 2020\COMP 587\Project\C--Math-Solver\C++ Math Helper\triangle.h(10): message : see declaration of 'triangle::Triangle'
D:\Users\Kyle\Google Drive\School\CSUN\Spring 2020\COMP 587\Project\C--Math-Solver\Test Class\Test Class.cpp(42,7): error C2248: 'triangle::Triangle::sidec': cannot access protected member declared in class 'triangle::Triangle'
D:\Users\Kyle\Google Drive\School\CSUN\Spring 2020\COMP 587\Project\C--Math-Solver\C++ Math Helper\triangle.h(39): message : see declaration of 'triangle::Triangle::sidec'
D:\Users\Kyle\Google Drive\School\CSUN\Spring 2020\COMP 587\Project\C--Math-Solver\C++ Math Helper\triangle.h(10): message : see declaration of 'triangle::Triangle'
